13/1/2026 -- 19:44:43 - <Notice> - This is Suricata version 6.0.4 RELEASE running in SYSTEM mode
13/1/2026 -- 19:44:43 - <Info> - CPUs/cores online: 6
13/1/2026 -- 19:44:43 - <Info> - Found an MTU of 1500 for 'servidor-eth0'
13/1/2026 -- 19:44:43 - <Info> - Found an MTU of 1500 for 'servidor-eth0'
13/1/2026 -- 19:44:43 - <Error> - [ERRCODE: SC_ERR_INITIALIZATION(45)] - pid file '/var/run/suricata.pid' exists and Suricata appears to be running. Aborting!
13/1/2026 -- 19:49:07 - <Notice> - This is Suricata version 6.0.4 RELEASE running in SYSTEM mode
13/1/2026 -- 19:49:07 - <Info> - CPUs/cores online: 6
13/1/2026 -- 19:49:07 - <Info> - Found an MTU of 1500 for 'servidor-eth0'
13/1/2026 -- 19:49:07 - <Info> - Found an MTU of 1500 for 'servidor-eth0'
13/1/2026 -- 19:49:07 - <Error> - [ERRCODE: SC_ERR_INITIALIZATION(45)] - pid file '/var/run/suricata.pid' exists and Suricata appears to be running. Aborting!
13/1/2026 -- 19:53:18 - <Notice> - This is Suricata version 6.0.4 RELEASE running in SYSTEM mode
13/1/2026 -- 19:53:18 - <Info> - CPUs/cores online: 6
13/1/2026 -- 19:53:18 - <Info> - Found an MTU of 1500 for 'servidor-eth0'
13/1/2026 -- 19:53:18 - <Info> - Found an MTU of 1500 for 'servidor-eth0'
13/1/2026 -- 19:53:18 - <Error> - [ERRCODE: SC_ERR_INITIALIZATION(45)] - pid file '/var/run/suricata.pid' exists and Suricata appears to be running. Aborting!
13/1/2026 -- 19:55:21 - <Notice> - This is Suricata version 6.0.4 RELEASE running in SYSTEM mode
13/1/2026 -- 19:55:21 - <Info> - CPUs/cores online: 6
13/1/2026 -- 19:55:21 - <Info> - Found an MTU of 1500 for 'servidor-eth0'
13/1/2026 -- 19:55:21 - <Info> - Found an MTU of 1500 for 'servidor-eth0'
13/1/2026 -- 19:55:21 - <Error> - [ERRCODE: SC_ERR_INITIALIZATION(45)] - pid file '/var/run/suricata.pid' exists and Suricata appears to be running. Aborting!
13/1/2026 -- 19:58:33 - <Notice> - This is Suricata version 6.0.4 RELEASE running in SYSTEM mode
13/1/2026 -- 19:58:33 - <Info> - CPUs/cores online: 6
13/1/2026 -- 19:58:34 - <Info> - Found an MTU of 1500 for 'servidor-eth0'
13/1/2026 -- 19:58:34 - <Info> - Found an MTU of 1500 for 'servidor-eth0'
13/1/2026 -- 19:58:34 - <Info> - Shortening device name to: serv..eth0
13/1/2026 -- 19:58:34 - <Info> - No 'host-mode': suricata is in IDS mode, using default setting 'sniffer-only'
13/1/2026 -- 19:58:34 - <Warning> - [ERRCODE: SC_ERR_STATS_LOG_GENERIC(278)] - global stats config is missing. Stats enabled through legacy stats.log. See https://suricata.readthedocs.io/en/suricata-6.0.4/configuration/suricata-yaml.html#stats
13/1/2026 -- 19:58:34 - <Info> - fast output device (regular) initialized: fast.log
13/1/2026 -- 19:58:34 - <Info> - eve-log output device (regular) initialized: eve.json
13/1/2026 -- 19:58:34 - <Info> - stats output device (regular) initialized: stats.log
13/1/2026 -- 19:58:34 - <Info> - 1 rule files processed. 4 rules successfully loaded, 0 rules failed
13/1/2026 -- 19:58:34 - <Info> - Threshold config parsed: 0 rule(s) found
13/1/2026 -- 19:58:34 - <Info> - 4 signatures processed. 1 are IP-only rules, 0 are inspecting packet payload, 0 inspect application layer, 0 are decoder event only
13/1/2026 -- 19:58:34 - <Warning> - [ERRCODE: SC_WARN_POOR_RULE(276)] - rule 1000001: SYN-only to port(s) 80:80 w/o direction specified, disabling for toclient direction
13/1/2026 -- 19:58:34 - <Warning> - [ERRCODE: SC_WARN_POOR_RULE(276)] - rule 1000010: SYN-only to port(s) 80:80 w/o direction specified, disabling for toclient direction
13/1/2026 -- 19:58:34 - <Info> - Going to use 6 ReceiveAFP receive thread(s)
13/1/2026 -- 19:58:34 - <Info> - Using unix socket file '/var/run/suricata-command.socket'
13/1/2026 -- 19:58:34 - <Notice> - all 12 packet processing threads, 4 management threads initialized, engine started.
13/1/2026 -- 19:58:34 - <Info> - All AFP capture threads are running.
13/1/2026 -- 19:58:52 - <Error> - [ERRCODE: SC_ERR_AFP_READ(191)] - Error reading data from iface 'servidor-eth0': (100) Network is down
13/1/2026 -- 19:58:52 - <Error> - [ERRCODE: SC_ERR_AFP_READ(191)] - Error reading data from iface 'servidor-eth0': (100) Network is down
13/1/2026 -- 19:58:52 - <Error> - [ERRCODE: SC_ERR_AFP_READ(191)] - Error reading data from iface 'servidor-eth0': (100) Network is down
13/1/2026 -- 19:58:52 - <Error> - [ERRCODE: SC_ERR_AFP_READ(191)] - Error reading data from iface 'servidor-eth0': (100) Network is down
13/1/2026 -- 19:58:52 - <Error> - [ERRCODE: SC_ERR_AFP_READ(191)] - Error reading data from iface 'servidor-eth0': (100) Network is down
13/1/2026 -- 19:58:52 - <Error> - [ERRCODE: SC_ERR_AFP_READ(191)] - Error reading data from iface 'servidor-eth0': (100) Network is down
13/1/2026 -- 19:59:12 - <Warning> - [ERRCODE: SC_ERR_AFP_CREATE(190)] - Can not open iface 'servidor-eth0'
13/1/2026 -- 19:59:12 - <Warning> - [ERRCODE: SC_ERR_AFP_CREATE(190)] - Can not open iface 'servidor-eth0'
13/1/2026 -- 19:59:12 - <Warning> - [ERRCODE: SC_ERR_AFP_CREATE(190)] - Can not open iface 'servidor-eth0'
13/1/2026 -- 19:59:12 - <Warning> - [ERRCODE: SC_ERR_AFP_CREATE(190)] - Can not open iface 'servidor-eth0'
13/1/2026 -- 19:59:12 - <Warning> - [ERRCODE: SC_ERR_AFP_CREATE(190)] - Can not open iface 'servidor-eth0'
13/1/2026 -- 19:59:13 - <Warning> - [ERRCODE: SC_ERR_AFP_CREATE(190)] - Can not open iface 'servidor-eth0'
13/1/2026 -- 19:59:33 - <Warning> - [ERRCODE: SC_ERR_AFP_CREATE(190)] - Can not open iface 'servidor-eth0'
13/1/2026 -- 19:59:33 - <Warning> - [ERRCODE: SC_ERR_AFP_CREATE(190)] - Can not open iface 'servidor-eth0'
13/1/2026 -- 19:59:33 - <Warning> - [ERRCODE: SC_ERR_AFP_CREATE(190)] - Can not open iface 'servidor-eth0'
13/1/2026 -- 19:59:33 - <Warning> - [ERRCODE: SC_ERR_AFP_CREATE(190)] - Can not open iface 'servidor-eth0'
13/1/2026 -- 19:59:33 - <Warning> - [ERRCODE: SC_ERR_AFP_CREATE(190)] - Can not open iface 'servidor-eth0'
13/1/2026 -- 19:59:34 - <Warning> - [ERRCODE: SC_ERR_AFP_CREATE(190)] - Can not open iface 'servidor-eth0'
13/1/2026 -- 19:59:54 - <Warning> - [ERRCODE: SC_ERR_AFP_CREATE(190)] - Can not open iface 'servidor-eth0'
13/1/2026 -- 19:59:54 - <Warning> - [ERRCODE: SC_ERR_AFP_CREATE(190)] - Can not open iface 'servidor-eth0'
13/1/2026 -- 19:59:54 - <Warning> - [ERRCODE: SC_ERR_AFP_CREATE(190)] - Can not open iface 'servidor-eth0'
13/1/2026 -- 19:59:54 - <Warning> - [ERRCODE: SC_ERR_AFP_CREATE(190)] - Can not open iface 'servidor-eth0'
13/1/2026 -- 19:59:54 - <Warning> - [ERRCODE: SC_ERR_AFP_CREATE(190)] - Can not open iface 'servidor-eth0'
13/1/2026 -- 19:59:55 - <Warning> - [ERRCODE: SC_ERR_AFP_CREATE(190)] - Can not open iface 'servidor-eth0'
13/1/2026 -- 20:00:15 - <Warning> - [ERRCODE: SC_ERR_AFP_CREATE(190)] - Can not open iface 'servidor-eth0'
13/1/2026 -- 20:00:15 - <Warning> - [ERRCODE: SC_ERR_AFP_CREATE(190)] - Can not open iface 'servidor-eth0'
13/1/2026 -- 20:00:15 - <Warning> - [ERRCODE: SC_ERR_AFP_CREATE(190)] - Can not open iface 'servidor-eth0'
13/1/2026 -- 20:00:15 - <Warning> - [ERRCODE: SC_ERR_AFP_CREATE(190)] - Can not open iface 'servidor-eth0'
13/1/2026 -- 20:00:16 - <Warning> - [ERRCODE: SC_ERR_AFP_CREATE(190)] - Can not open iface 'servidor-eth0'
13/1/2026 -- 20:00:16 - <Warning> - [ERRCODE: SC_ERR_AFP_CREATE(190)] - Can not open iface 'servidor-eth0'
13/1/2026 -- 20:00:28 - <Notice> - This is Suricata version 6.0.4 RELEASE running in SYSTEM mode
13/1/2026 -- 20:00:28 - <Info> - CPUs/cores online: 6
13/1/2026 -- 20:00:28 - <Info> - Found an MTU of 1500 for 'servidor-eth0'
13/1/2026 -- 20:00:28 - <Info> - Found an MTU of 1500 for 'servidor-eth0'
13/1/2026 -- 20:00:28 - <Info> - Shortening device name to: serv..eth0
13/1/2026 -- 20:00:28 - <Info> - No 'host-mode': suricata is in IDS mode, using default setting 'sniffer-only'
13/1/2026 -- 20:00:28 - <Warning> - [ERRCODE: SC_ERR_STATS_LOG_GENERIC(278)] - global stats config is missing. Stats enabled through legacy stats.log. See https://suricata.readthedocs.io/en/suricata-6.0.4/configuration/suricata-yaml.html#stats
13/1/2026 -- 20:00:28 - <Info> - fast output device (regular) initialized: fast.log
13/1/2026 -- 20:00:28 - <Info> - eve-log output device (regular) initialized: eve.json
13/1/2026 -- 20:00:28 - <Info> - stats output device (regular) initialized: stats.log
13/1/2026 -- 20:00:28 - <Info> - 1 rule files processed. 4 rules successfully loaded, 0 rules failed
13/1/2026 -- 20:00:28 - <Info> - Threshold config parsed: 0 rule(s) found
13/1/2026 -- 20:00:28 - <Info> - 4 signatures processed. 1 are IP-only rules, 0 are inspecting packet payload, 0 inspect application layer, 0 are decoder event only
13/1/2026 -- 20:00:28 - <Warning> - [ERRCODE: SC_WARN_POOR_RULE(276)] - rule 1000001: SYN-only to port(s) 80:80 w/o direction specified, disabling for toclient direction
13/1/2026 -- 20:00:28 - <Warning> - [ERRCODE: SC_WARN_POOR_RULE(276)] - rule 1000010: SYN-only to port(s) 80:80 w/o direction specified, disabling for toclient direction
13/1/2026 -- 20:00:28 - <Info> - Going to use 6 ReceiveAFP receive thread(s)
13/1/2026 -- 20:00:28 - <Info> - Using unix socket file '/var/run/suricata-command.socket'
13/1/2026 -- 20:00:28 - <Notice> - all 12 packet processing threads, 4 management threads initialized, engine started.
13/1/2026 -- 20:00:29 - <Info> - All AFP capture threads are running.
13/1/2026 -- 20:00:36 - <Warning> - [ERRCODE: SC_ERR_AFP_CREATE(190)] - Can not open iface 'servidor-eth0'
13/1/2026 -- 20:00:36 - <Warning> - [ERRCODE: SC_ERR_AFP_CREATE(190)] - Can not open iface 'servidor-eth0'
13/1/2026 -- 20:00:36 - <Warning> - [ERRCODE: SC_ERR_AFP_CREATE(190)] - Can not open iface 'servidor-eth0'
13/1/2026 -- 20:00:36 - <Warning> - [ERRCODE: SC_ERR_AFP_CREATE(190)] - Can not open iface 'servidor-eth0'
13/1/2026 -- 20:00:36 - <Warning> - [ERRCODE: SC_ERR_AFP_CREATE(190)] - Can not open iface 'servidor-eth0'
13/1/2026 -- 20:00:36 - <Warning> - [ERRCODE: SC_ERR_AFP_CREATE(190)] - Can not open iface 'servidor-eth0'
13/1/2026 -- 20:00:57 - <Warning> - [ERRCODE: SC_ERR_AFP_CREATE(190)] - Can not open iface 'servidor-eth0'
13/1/2026 -- 20:00:57 - <Warning> - [ERRCODE: SC_ERR_AFP_CREATE(190)] - Can not open iface 'servidor-eth0'
13/1/2026 -- 20:00:57 - <Warning> - [ERRCODE: SC_ERR_AFP_CREATE(190)] - Can not open iface 'servidor-eth0'
13/1/2026 -- 20:00:57 - <Warning> - [ERRCODE: SC_ERR_AFP_CREATE(190)] - Can not open iface 'servidor-eth0'
13/1/2026 -- 20:00:57 - <Warning> - [ERRCODE: SC_ERR_AFP_CREATE(190)] - Can not open iface 'servidor-eth0'
13/1/2026 -- 20:00:57 - <Warning> - [ERRCODE: SC_ERR_AFP_CREATE(190)] - Can not open iface 'servidor-eth0'
13/1/2026 -- 20:01:18 - <Warning> - [ERRCODE: SC_ERR_AFP_CREATE(190)] - Can not open iface 'servidor-eth0'
13/1/2026 -- 20:01:18 - <Warning> - [ERRCODE: SC_ERR_AFP_CREATE(190)] - Can not open iface 'servidor-eth0'
13/1/2026 -- 20:01:18 - <Warning> - [ERRCODE: SC_ERR_AFP_CREATE(190)] - Can not open iface 'servidor-eth0'
13/1/2026 -- 20:01:18 - <Warning> - [ERRCODE: SC_ERR_AFP_CREATE(190)] - Can not open iface 'servidor-eth0'
13/1/2026 -- 20:01:18 - <Warning> - [ERRCODE: SC_ERR_AFP_CREATE(190)] - Can not open iface 'servidor-eth0'
13/1/2026 -- 20:01:18 - <Warning> - [ERRCODE: SC_ERR_AFP_CREATE(190)] - Can not open iface 'servidor-eth0'
13/1/2026 -- 20:01:39 - <Warning> - [ERRCODE: SC_ERR_AFP_CREATE(190)] - Can not open iface 'servidor-eth0'
13/1/2026 -- 20:01:39 - <Warning> - [ERRCODE: SC_ERR_AFP_CREATE(190)] - Can not open iface 'servidor-eth0'
13/1/2026 -- 20:01:39 - <Warning> - [ERRCODE: SC_ERR_AFP_CREATE(190)] - Can not open iface 'servidor-eth0'
13/1/2026 -- 20:01:39 - <Warning> - [ERRCODE: SC_ERR_AFP_CREATE(190)] - Can not open iface 'servidor-eth0'
13/1/2026 -- 20:01:39 - <Warning> - [ERRCODE: SC_ERR_AFP_CREATE(190)] - Can not open iface 'servidor-eth0'
13/1/2026 -- 20:01:39 - <Warning> - [ERRCODE: SC_ERR_AFP_CREATE(190)] - Can not open iface 'servidor-eth0'
13/1/2026 -- 20:02:00 - <Warning> - [ERRCODE: SC_ERR_AFP_CREATE(190)] - Can not open iface 'servidor-eth0'
13/1/2026 -- 20:02:00 - <Warning> - [ERRCODE: SC_ERR_AFP_CREATE(190)] - Can not open iface 'servidor-eth0'
13/1/2026 -- 20:02:00 - <Warning> - [ERRCODE: SC_ERR_AFP_CREATE(190)] - Can not open iface 'servidor-eth0'
13/1/2026 -- 20:02:00 - <Warning> - [ERRCODE: SC_ERR_AFP_CREATE(190)] - Can not open iface 'servidor-eth0'
13/1/2026 -- 20:02:00 - <Warning> - [ERRCODE: SC_ERR_AFP_CREATE(190)] - Can not open iface 'servidor-eth0'
13/1/2026 -- 20:02:00 - <Warning> - [ERRCODE: SC_ERR_AFP_CREATE(190)] - Can not open iface 'servidor-eth0'
13/1/2026 -- 20:02:20 - <Warning> - [ERRCODE: SC_ERR_AFP_CREATE(190)] - Can not open iface 'servidor-eth0'
13/1/2026 -- 20:02:20 - <Warning> - [ERRCODE: SC_ERR_AFP_CREATE(190)] - Can not open iface 'servidor-eth0'
13/1/2026 -- 20:02:21 - <Warning> - [ERRCODE: SC_ERR_AFP_CREATE(190)] - Can not open iface 'servidor-eth0'
13/1/2026 -- 20:02:21 - <Warning> - [ERRCODE: SC_ERR_AFP_CREATE(190)] - Can not open iface 'servidor-eth0'
13/1/2026 -- 20:02:21 - <Warning> - [ERRCODE: SC_ERR_AFP_CREATE(190)] - Can not open iface 'servidor-eth0'
13/1/2026 -- 20:02:21 - <Warning> - [ERRCODE: SC_ERR_AFP_CREATE(190)] - Can not open iface 'servidor-eth0'
13/1/2026 -- 20:02:41 - <Warning> - [ERRCODE: SC_ERR_AFP_CREATE(190)] - Can not open iface 'servidor-eth0'
13/1/2026 -- 20:02:41 - <Warning> - [ERRCODE: SC_ERR_AFP_CREATE(190)] - Can not open iface 'servidor-eth0'
13/1/2026 -- 20:02:42 - <Warning> - [ERRCODE: SC_ERR_AFP_CREATE(190)] - Can not open iface 'servidor-eth0'
13/1/2026 -- 20:02:42 - <Warning> - [ERRCODE: SC_ERR_AFP_CREATE(190)] - Can not open iface 'servidor-eth0'
13/1/2026 -- 20:02:42 - <Warning> - [ERRCODE: SC_ERR_AFP_CREATE(190)] - Can not open iface 'servidor-eth0'
13/1/2026 -- 20:02:42 - <Warning> - [ERRCODE: SC_ERR_AFP_CREATE(190)] - Can not open iface 'servidor-eth0'
13/1/2026 -- 20:03:02 - <Warning> - [ERRCODE: SC_ERR_AFP_CREATE(190)] - Can not open iface 'servidor-eth0'
13/1/2026 -- 20:03:02 - <Warning> - [ERRCODE: SC_ERR_AFP_CREATE(190)] - Can not open iface 'servidor-eth0'
13/1/2026 -- 20:03:03 - <Warning> - [ERRCODE: SC_ERR_AFP_CREATE(190)] - Can not open iface 'servidor-eth0'
13/1/2026 -- 20:03:03 - <Warning> - [ERRCODE: SC_ERR_AFP_CREATE(190)] - Can not open iface 'servidor-eth0'
13/1/2026 -- 20:03:03 - <Warning> - [ERRCODE: SC_ERR_AFP_CREATE(190)] - Can not open iface 'servidor-eth0'
13/1/2026 -- 20:03:03 - <Warning> - [ERRCODE: SC_ERR_AFP_CREATE(190)] - Can not open iface 'servidor-eth0'
13/1/2026 -- 20:03:23 - <Warning> - [ERRCODE: SC_ERR_AFP_CREATE(190)] - Can not open iface 'servidor-eth0'
13/1/2026 -- 20:03:23 - <Warning> - [ERRCODE: SC_ERR_AFP_CREATE(190)] - Can not open iface 'servidor-eth0'
13/1/2026 -- 20:03:24 - <Warning> - [ERRCODE: SC_ERR_AFP_CREATE(190)] - Can not open iface 'servidor-eth0'
13/1/2026 -- 20:03:24 - <Warning> - [ERRCODE: SC_ERR_AFP_CREATE(190)] - Can not open iface 'servidor-eth0'
13/1/2026 -- 20:03:24 - <Warning> - [ERRCODE: SC_ERR_AFP_CREATE(190)] - Can not open iface 'servidor-eth0'
13/1/2026 -- 20:03:24 - <Warning> - [ERRCODE: SC_ERR_AFP_CREATE(190)] - Can not open iface 'servidor-eth0'
13/1/2026 -- 20:03:44 - <Warning> - [ERRCODE: SC_ERR_AFP_CREATE(190)] - Can not open iface 'servidor-eth0'
13/1/2026 -- 20:03:45 - <Warning> - [ERRCODE: SC_ERR_AFP_CREATE(190)] - Can not open iface 'servidor-eth0'
13/1/2026 -- 20:03:45 - <Warning> - [ERRCODE: SC_ERR_AFP_CREATE(190)] - Can not open iface 'servidor-eth0'
13/1/2026 -- 20:03:45 - <Warning> - [ERRCODE: SC_ERR_AFP_CREATE(190)] - Can not open iface 'servidor-eth0'
13/1/2026 -- 20:03:45 - <Warning> - [ERRCODE: SC_ERR_AFP_CREATE(190)] - Can not open iface 'servidor-eth0'
13/1/2026 -- 20:03:45 - <Warning> - [ERRCODE: SC_ERR_AFP_CREATE(190)] - Can not open iface 'servidor-eth0'
13/1/2026 -- 20:04:05 - <Warning> - [ERRCODE: SC_ERR_AFP_CREATE(190)] - Can not open iface 'servidor-eth0'
13/1/2026 -- 20:04:05 - <Warning> - [ERRCODE: SC_ERR_AFP_CREATE(190)] - Can not open iface 'servidor-eth0'
13/1/2026 -- 20:04:05 - <Warning> - [ERRCODE: SC_ERR_AFP_CREATE(190)] - Can not open iface 'servidor-eth0'
13/1/2026 -- 20:04:05 - <Warning> - [ERRCODE: SC_ERR_AFP_CREATE(190)] - Can not open iface 'servidor-eth0'
13/1/2026 -- 20:04:06 - <Warning> - [ERRCODE: SC_ERR_AFP_CREATE(190)] - Can not open iface 'servidor-eth0'
13/1/2026 -- 20:04:06 - <Warning> - [ERRCODE: SC_ERR_AFP_CREATE(190)] - Can not open iface 'servidor-eth0'
13/1/2026 -- 20:04:26 - <Warning> - [ERRCODE: SC_ERR_AFP_CREATE(190)] - Can not open iface 'servidor-eth0'
13/1/2026 -- 20:04:26 - <Warning> - [ERRCODE: SC_ERR_AFP_CREATE(190)] - Can not open iface 'servidor-eth0'
13/1/2026 -- 20:04:26 - <Warning> - [ERRCODE: SC_ERR_AFP_CREATE(190)] - Can not open iface 'servidor-eth0'
13/1/2026 -- 20:04:27 - <Warning> - [ERRCODE: SC_ERR_AFP_CREATE(190)] - Can not open iface 'servidor-eth0'
13/1/2026 -- 20:04:27 - <Warning> - [ERRCODE: SC_ERR_AFP_CREATE(190)] - Can not open iface 'servidor-eth0'
13/1/2026 -- 20:04:27 - <Warning> - [ERRCODE: SC_ERR_AFP_CREATE(190)] - Can not open iface 'servidor-eth0'
13/1/2026 -- 20:04:47 - <Warning> - [ERRCODE: SC_ERR_AFP_CREATE(190)] - Can not open iface 'servidor-eth0'
13/1/2026 -- 20:04:47 - <Warning> - [ERRCODE: SC_ERR_AFP_CREATE(190)] - Can not open iface 'servidor-eth0'
13/1/2026 -- 20:04:47 - <Warning> - [ERRCODE: SC_ERR_AFP_CREATE(190)] - Can not open iface 'servidor-eth0'
13/1/2026 -- 20:04:47 - <Warning> - [ERRCODE: SC_ERR_AFP_CREATE(190)] - Can not open iface 'servidor-eth0'
13/1/2026 -- 20:04:47 - <Warning> - [ERRCODE: SC_ERR_AFP_CREATE(190)] - Can not open iface 'servidor-eth0'
13/1/2026 -- 20:04:48 - <Warning> - [ERRCODE: SC_ERR_AFP_CREATE(190)] - Can not open iface 'servidor-eth0'
13/1/2026 -- 20:05:08 - <Warning> - [ERRCODE: SC_ERR_AFP_CREATE(190)] - Can not open iface 'servidor-eth0'
13/1/2026 -- 20:05:08 - <Warning> - [ERRCODE: SC_ERR_AFP_CREATE(190)] - Can not open iface 'servidor-eth0'
13/1/2026 -- 20:05:08 - <Warning> - [ERRCODE: SC_ERR_AFP_CREATE(190)] - Can not open iface 'servidor-eth0'
13/1/2026 -- 20:05:08 - <Warning> - [ERRCODE: SC_ERR_AFP_CREATE(190)] - Can not open iface 'servidor-eth0'
13/1/2026 -- 20:05:08 - <Warning> - [ERRCODE: SC_ERR_AFP_CREATE(190)] - Can not open iface 'servidor-eth0'
13/1/2026 -- 20:05:09 - <Warning> - [ERRCODE: SC_ERR_AFP_CREATE(190)] - Can not open iface 'servidor-eth0'
13/1/2026 -- 20:05:29 - <Warning> - [ERRCODE: SC_ERR_AFP_CREATE(190)] - Can not open iface 'servidor-eth0'
13/1/2026 -- 20:05:29 - <Warning> - [ERRCODE: SC_ERR_AFP_CREATE(190)] - Can not open iface 'servidor-eth0'
13/1/2026 -- 20:05:29 - <Warning> - [ERRCODE: SC_ERR_AFP_CREATE(190)] - Can not open iface 'servidor-eth0'
13/1/2026 -- 20:05:29 - <Warning> - [ERRCODE: SC_ERR_AFP_CREATE(190)] - Can not open iface 'servidor-eth0'
13/1/2026 -- 20:05:29 - <Warning> - [ERRCODE: SC_ERR_AFP_CREATE(190)] - Can not open iface 'servidor-eth0'
13/1/2026 -- 20:05:30 - <Warning> - [ERRCODE: SC_ERR_AFP_CREATE(190)] - Can not open iface 'servidor-eth0'
13/1/2026 -- 20:05:50 - <Warning> - [ERRCODE: SC_ERR_AFP_CREATE(190)] - Can not open iface 'servidor-eth0'
13/1/2026 -- 20:05:50 - <Warning> - [ERRCODE: SC_ERR_AFP_CREATE(190)] - Can not open iface 'servidor-eth0'
13/1/2026 -- 20:05:50 - <Warning> - [ERRCODE: SC_ERR_AFP_CREATE(190)] - Can not open iface 'servidor-eth0'
13/1/2026 -- 20:05:50 - <Warning> - [ERRCODE: SC_ERR_AFP_CREATE(190)] - Can not open iface 'servidor-eth0'
13/1/2026 -- 20:05:50 - <Warning> - [ERRCODE: SC_ERR_AFP_CREATE(190)] - Can not open iface 'servidor-eth0'
13/1/2026 -- 20:05:51 - <Warning> - [ERRCODE: SC_ERR_AFP_CREATE(190)] - Can not open iface 'servidor-eth0'
13/1/2026 -- 20:06:11 - <Warning> - [ERRCODE: SC_ERR_AFP_CREATE(190)] - Can not open iface 'servidor-eth0'
13/1/2026 -- 20:06:11 - <Warning> - [ERRCODE: SC_ERR_AFP_CREATE(190)] - Can not open iface 'servidor-eth0'
13/1/2026 -- 20:06:11 - <Warning> - [ERRCODE: SC_ERR_AFP_CREATE(190)] - Can not open iface 'servidor-eth0'
13/1/2026 -- 20:06:11 - <Warning> - [ERRCODE: SC_ERR_AFP_CREATE(190)] - Can not open iface 'servidor-eth0'
13/1/2026 -- 20:06:11 - <Warning> - [ERRCODE: SC_ERR_AFP_CREATE(190)] - Can not open iface 'servidor-eth0'
13/1/2026 -- 20:06:12 - <Warning> - [ERRCODE: SC_ERR_AFP_CREATE(190)] - Can not open iface 'servidor-eth0'
13/1/2026 -- 20:06:32 - <Warning> - [ERRCODE: SC_ERR_AFP_CREATE(190)] - Can not open iface 'servidor-eth0'
13/1/2026 -- 20:06:32 - <Warning> - [ERRCODE: SC_ERR_AFP_CREATE(190)] - Can not open iface 'servidor-eth0'
13/1/2026 -- 20:06:32 - <Warning> - [ERRCODE: SC_ERR_AFP_CREATE(190)] - Can not open iface 'servidor-eth0'
13/1/2026 -- 20:06:32 - <Warning> - [ERRCODE: SC_ERR_AFP_CREATE(190)] - Can not open iface 'servidor-eth0'
13/1/2026 -- 20:06:32 - <Warning> - [ERRCODE: SC_ERR_AFP_CREATE(190)] - Can not open iface 'servidor-eth0'
13/1/2026 -- 20:06:32 - <Warning> - [ERRCODE: SC_ERR_AFP_CREATE(190)] - Can not open iface 'servidor-eth0'
13/1/2026 -- 20:06:54 - <Warning> - [ERRCODE: SC_ERR_AFP_CREATE(190)] - Can not open iface 'servidor-eth0'
13/1/2026 -- 20:06:54 - <Warning> - [ERRCODE: SC_ERR_AFP_CREATE(190)] - Can not open iface 'servidor-eth0'
13/1/2026 -- 20:06:54 - <Warning> - [ERRCODE: SC_ERR_AFP_CREATE(190)] - Can not open iface 'servidor-eth0'
13/1/2026 -- 20:06:54 - <Warning> - [ERRCODE: SC_ERR_AFP_CREATE(190)] - Can not open iface 'servidor-eth0'
13/1/2026 -- 20:06:54 - <Warning> - [ERRCODE: SC_ERR_AFP_CREATE(190)] - Can not open iface 'servidor-eth0'
13/1/2026 -- 20:06:54 - <Warning> - [ERRCODE: SC_ERR_AFP_CREATE(190)] - Can not open iface 'servidor-eth0'
13/1/2026 -- 20:07:15 - <Warning> - [ERRCODE: SC_ERR_AFP_CREATE(190)] - Can not open iface 'servidor-eth0'
13/1/2026 -- 20:07:15 - <Warning> - [ERRCODE: SC_ERR_AFP_CREATE(190)] - Can not open iface 'servidor-eth0'
13/1/2026 -- 20:07:15 - <Warning> - [ERRCODE: SC_ERR_AFP_CREATE(190)] - Can not open iface 'servidor-eth0'
13/1/2026 -- 20:07:15 - <Warning> - [ERRCODE: SC_ERR_AFP_CREATE(190)] - Can not open iface 'servidor-eth0'
13/1/2026 -- 20:07:15 - <Warning> - [ERRCODE: SC_ERR_AFP_CREATE(190)] - Can not open iface 'servidor-eth0'
13/1/2026 -- 20:07:15 - <Warning> - [ERRCODE: SC_ERR_AFP_CREATE(190)] - Can not open iface 'servidor-eth0'
13/1/2026 -- 20:07:35 - <Warning> - [ERRCODE: SC_ERR_AFP_CREATE(190)] - Can not open iface 'servidor-eth0'
13/1/2026 -- 20:07:36 - <Warning> - [ERRCODE: SC_ERR_AFP_CREATE(190)] - Can not open iface 'servidor-eth0'
13/1/2026 -- 20:07:36 - <Warning> - [ERRCODE: SC_ERR_AFP_CREATE(190)] - Can not open iface 'servidor-eth0'
13/1/2026 -- 20:07:36 - <Warning> - [ERRCODE: SC_ERR_AFP_CREATE(190)] - Can not open iface 'servidor-eth0'
13/1/2026 -- 20:07:36 - <Warning> - [ERRCODE: SC_ERR_AFP_CREATE(190)] - Can not open iface 'servidor-eth0'
13/1/2026 -- 20:07:36 - <Warning> - [ERRCODE: SC_ERR_AFP_CREATE(190)] - Can not open iface 'servidor-eth0'
13/1/2026 -- 20:07:56 - <Warning> - [ERRCODE: SC_ERR_AFP_CREATE(190)] - Can not open iface 'servidor-eth0'
13/1/2026 -- 20:07:57 - <Warning> - [ERRCODE: SC_ERR_AFP_CREATE(190)] - Can not open iface 'servidor-eth0'
13/1/2026 -- 20:07:57 - <Warning> - [ERRCODE: SC_ERR_AFP_CREATE(190)] - Can not open iface 'servidor-eth0'
13/1/2026 -- 20:07:57 - <Warning> - [ERRCODE: SC_ERR_AFP_CREATE(190)] - Can not open iface 'servidor-eth0'
13/1/2026 -- 20:07:57 - <Warning> - [ERRCODE: SC_ERR_AFP_CREATE(190)] - Can not open iface 'servidor-eth0'
13/1/2026 -- 20:07:57 - <Warning> - [ERRCODE: SC_ERR_AFP_CREATE(190)] - Can not open iface 'servidor-eth0'
13/1/2026 -- 20:08:17 - <Warning> - [ERRCODE: SC_ERR_AFP_CREATE(190)] - Can not open iface 'servidor-eth0'
13/1/2026 -- 20:08:18 - <Warning> - [ERRCODE: SC_ERR_AFP_CREATE(190)] - Can not open iface 'servidor-eth0'
13/1/2026 -- 20:08:18 - <Warning> - [ERRCODE: SC_ERR_AFP_CREATE(190)] - Can not open iface 'servidor-eth0'
13/1/2026 -- 20:08:18 - <Warning> - [ERRCODE: SC_ERR_AFP_CREATE(190)] - Can not open iface 'servidor-eth0'
13/1/2026 -- 20:08:18 - <Warning> - [ERRCODE: SC_ERR_AFP_CREATE(190)] - Can not open iface 'servidor-eth0'
13/1/2026 -- 20:08:18 - <Warning> - [ERRCODE: SC_ERR_AFP_CREATE(190)] - Can not open iface 'servidor-eth0'
13/1/2026 -- 20:08:38 - <Warning> - [ERRCODE: SC_ERR_AFP_CREATE(190)] - Can not open iface 'servidor-eth0'
13/1/2026 -- 20:08:38 - <Warning> - [ERRCODE: SC_ERR_AFP_CREATE(190)] - Can not open iface 'servidor-eth0'
13/1/2026 -- 20:08:39 - <Warning> - [ERRCODE: SC_ERR_AFP_CREATE(190)] - Can not open iface 'servidor-eth0'
13/1/2026 -- 20:08:39 - <Warning> - [ERRCODE: SC_ERR_AFP_CREATE(190)] - Can not open iface 'servidor-eth0'
13/1/2026 -- 20:08:39 - <Warning> - [ERRCODE: SC_ERR_AFP_CREATE(190)] - Can not open iface 'servidor-eth0'
13/1/2026 -- 20:08:39 - <Warning> - [ERRCODE: SC_ERR_AFP_CREATE(190)] - Can not open iface 'servidor-eth0'
13/1/2026 -- 20:08:59 - <Warning> - [ERRCODE: SC_ERR_AFP_CREATE(190)] - Can not open iface 'servidor-eth0'
13/1/2026 -- 20:08:59 - <Warning> - [ERRCODE: SC_ERR_AFP_CREATE(190)] - Can not open iface 'servidor-eth0'
13/1/2026 -- 20:09:00 - <Warning> - [ERRCODE: SC_ERR_AFP_CREATE(190)] - Can not open iface 'servidor-eth0'
13/1/2026 -- 20:09:00 - <Warning> - [ERRCODE: SC_ERR_AFP_CREATE(190)] - Can not open iface 'servidor-eth0'
13/1/2026 -- 20:09:00 - <Warning> - [ERRCODE: SC_ERR_AFP_CREATE(190)] - Can not open iface 'servidor-eth0'
13/1/2026 -- 20:09:00 - <Warning> - [ERRCODE: SC_ERR_AFP_CREATE(190)] - Can not open iface 'servidor-eth0'
13/1/2026 -- 20:09:20 - <Warning> - [ERRCODE: SC_ERR_AFP_CREATE(190)] - Can not open iface 'servidor-eth0'
13/1/2026 -- 20:09:20 - <Warning> - [ERRCODE: SC_ERR_AFP_CREATE(190)] - Can not open iface 'servidor-eth0'
13/1/2026 -- 20:09:21 - <Warning> - [ERRCODE: SC_ERR_AFP_CREATE(190)] - Can not open iface 'servidor-eth0'
13/1/2026 -- 20:09:21 - <Warning> - [ERRCODE: SC_ERR_AFP_CREATE(190)] - Can not open iface 'servidor-eth0'
13/1/2026 -- 20:09:21 - <Warning> - [ERRCODE: SC_ERR_AFP_CREATE(190)] - Can not open iface 'servidor-eth0'
13/1/2026 -- 20:09:21 - <Warning> - [ERRCODE: SC_ERR_AFP_CREATE(190)] - Can not open iface 'servidor-eth0'
13/1/2026 -- 20:09:41 - <Warning> - [ERRCODE: SC_ERR_AFP_CREATE(190)] - Can not open iface 'servidor-eth0'
13/1/2026 -- 20:09:41 - <Warning> - [ERRCODE: SC_ERR_AFP_CREATE(190)] - Can not open iface 'servidor-eth0'
13/1/2026 -- 20:09:42 - <Warning> - [ERRCODE: SC_ERR_AFP_CREATE(190)] - Can not open iface 'servidor-eth0'
13/1/2026 -- 20:09:42 - <Warning> - [ERRCODE: SC_ERR_AFP_CREATE(190)] - Can not open iface 'servidor-eth0'
13/1/2026 -- 20:09:42 - <Warning> - [ERRCODE: SC_ERR_AFP_CREATE(190)] - Can not open iface 'servidor-eth0'
13/1/2026 -- 20:09:42 - <Warning> - [ERRCODE: SC_ERR_AFP_CREATE(190)] - Can not open iface 'servidor-eth0'
13/1/2026 -- 20:10:02 - <Warning> - [ERRCODE: SC_ERR_AFP_CREATE(190)] - Can not open iface 'servidor-eth0'
13/1/2026 -- 20:10:02 - <Warning> - [ERRCODE: SC_ERR_AFP_CREATE(190)] - Can not open iface 'servidor-eth0'
13/1/2026 -- 20:10:03 - <Warning> - [ERRCODE: SC_ERR_AFP_CREATE(190)] - Can not open iface 'servidor-eth0'
13/1/2026 -- 20:10:03 - <Warning> - [ERRCODE: SC_ERR_AFP_CREATE(190)] - Can not open iface 'servidor-eth0'
13/1/2026 -- 20:10:03 - <Warning> - [ERRCODE: SC_ERR_AFP_CREATE(190)] - Can not open iface 'servidor-eth0'
13/1/2026 -- 20:10:03 - <Warning> - [ERRCODE: SC_ERR_AFP_CREATE(190)] - Can not open iface 'servidor-eth0'
13/1/2026 -- 20:10:23 - <Warning> - [ERRCODE: SC_ERR_AFP_CREATE(190)] - Can not open iface 'servidor-eth0'
13/1/2026 -- 20:10:23 - <Warning> - [ERRCODE: SC_ERR_AFP_CREATE(190)] - Can not open iface 'servidor-eth0'
13/1/2026 -- 20:10:23 - <Warning> - [ERRCODE: SC_ERR_AFP_CREATE(190)] - Can not open iface 'servidor-eth0'
13/1/2026 -- 20:10:23 - <Warning> - [ERRCODE: SC_ERR_AFP_CREATE(190)] - Can not open iface 'servidor-eth0'
13/1/2026 -- 20:10:24 - <Warning> - [ERRCODE: SC_ERR_AFP_CREATE(190)] - Can not open iface 'servidor-eth0'
13/1/2026 -- 20:10:24 - <Warning> - [ERRCODE: SC_ERR_AFP_CREATE(190)] - Can not open iface 'servidor-eth0'
13/1/2026 -- 20:10:49 - <Warning> - [ERRCODE: SC_ERR_AFP_CREATE(190)] - Can not open iface 'servidor-eth0'
13/1/2026 -- 20:10:50 - <Warning> - [ERRCODE: SC_ERR_AFP_CREATE(190)] - Can not open iface 'servidor-eth0'
13/1/2026 -- 20:10:50 - <Warning> - [ERRCODE: SC_ERR_AFP_CREATE(190)] - Can not open iface 'servidor-eth0'
13/1/2026 -- 20:10:50 - <Warning> - [ERRCODE: SC_ERR_AFP_CREATE(190)] - Can not open iface 'servidor-eth0'
13/1/2026 -- 20:10:51 - <Warning> - [ERRCODE: SC_ERR_AFP_CREATE(190)] - Can not open iface 'servidor-eth0'
13/1/2026 -- 20:10:51 - <Warning> - [ERRCODE: SC_ERR_AFP_CREATE(190)] - Can not open iface 'servidor-eth0'
13/1/2026 -- 20:11:13 - <Warning> - [ERRCODE: SC_ERR_AFP_CREATE(190)] - Can not open iface 'servidor-eth0'
13/1/2026 -- 20:11:14 - <Warning> - [ERRCODE: SC_ERR_AFP_CREATE(190)] - Can not open iface 'servidor-eth0'
13/1/2026 -- 20:11:14 - <Warning> - [ERRCODE: SC_ERR_AFP_CREATE(190)] - Can not open iface 'servidor-eth0'
13/1/2026 -- 20:11:14 - <Warning> - [ERRCODE: SC_ERR_AFP_CREATE(190)] - Can not open iface 'servidor-eth0'
13/1/2026 -- 20:11:14 - <Warning> - [ERRCODE: SC_ERR_AFP_CREATE(190)] - Can not open iface 'servidor-eth0'
13/1/2026 -- 20:11:15 - <Warning> - [ERRCODE: SC_ERR_AFP_CREATE(190)] - Can not open iface 'servidor-eth0'
13/1/2026 -- 20:11:36 - <Warning> - [ERRCODE: SC_ERR_AFP_CREATE(190)] - Can not open iface 'servidor-eth0'
13/1/2026 -- 20:11:36 - <Warning> - [ERRCODE: SC_ERR_AFP_CREATE(190)] - Can not open iface 'servidor-eth0'
13/1/2026 -- 20:11:36 - <Warning> - [ERRCODE: SC_ERR_AFP_CREATE(190)] - Can not open iface 'servidor-eth0'
13/1/2026 -- 20:11:36 - <Warning> - [ERRCODE: SC_ERR_AFP_CREATE(190)] - Can not open iface 'servidor-eth0'
13/1/2026 -- 20:11:37 - <Warning> - [ERRCODE: SC_ERR_AFP_CREATE(190)] - Can not open iface 'servidor-eth0'
13/1/2026 -- 20:11:37 - <Warning> - [ERRCODE: SC_ERR_AFP_CREATE(190)] - Can not open iface 'servidor-eth0'
13/1/2026 -- 20:11:57 - <Warning> - [ERRCODE: SC_ERR_AFP_CREATE(190)] - Can not open iface 'servidor-eth0'
13/1/2026 -- 20:11:57 - <Warning> - [ERRCODE: SC_ERR_AFP_CREATE(190)] - Can not open iface 'servidor-eth0'
13/1/2026 -- 20:11:57 - <Warning> - [ERRCODE: SC_ERR_AFP_CREATE(190)] - Can not open iface 'servidor-eth0'
13/1/2026 -- 20:11:57 - <Warning> - [ERRCODE: SC_ERR_AFP_CREATE(190)] - Can not open iface 'servidor-eth0'
13/1/2026 -- 20:11:58 - <Warning> - [ERRCODE: SC_ERR_AFP_CREATE(190)] - Can not open iface 'servidor-eth0'
13/1/2026 -- 20:11:58 - <Warning> - [ERRCODE: SC_ERR_AFP_CREATE(190)] - Can not open iface 'servidor-eth0'
13/1/2026 -- 20:12:18 - <Warning> - [ERRCODE: SC_ERR_AFP_CREATE(190)] - Can not open iface 'servidor-eth0'
13/1/2026 -- 20:12:18 - <Warning> - [ERRCODE: SC_ERR_AFP_CREATE(190)] - Can not open iface 'servidor-eth0'
13/1/2026 -- 20:12:18 - <Warning> - [ERRCODE: SC_ERR_AFP_CREATE(190)] - Can not open iface 'servidor-eth0'
13/1/2026 -- 20:12:18 - <Warning> - [ERRCODE: SC_ERR_AFP_CREATE(190)] - Can not open iface 'servidor-eth0'
13/1/2026 -- 20:12:19 - <Warning> - [ERRCODE: SC_ERR_AFP_CREATE(190)] - Can not open iface 'servidor-eth0'
13/1/2026 -- 20:12:19 - <Warning> - [ERRCODE: SC_ERR_AFP_CREATE(190)] - Can not open iface 'servidor-eth0'
13/1/2026 -- 20:12:39 - <Warning> - [ERRCODE: SC_ERR_AFP_CREATE(190)] - Can not open iface 'servidor-eth0'
13/1/2026 -- 20:12:39 - <Warning> - [ERRCODE: SC_ERR_AFP_CREATE(190)] - Can not open iface 'servidor-eth0'
13/1/2026 -- 20:12:39 - <Warning> - [ERRCODE: SC_ERR_AFP_CREATE(190)] - Can not open iface 'servidor-eth0'
13/1/2026 -- 20:12:40 - <Warning> - [ERRCODE: SC_ERR_AFP_CREATE(190)] - Can not open iface 'servidor-eth0'
13/1/2026 -- 20:12:40 - <Warning> - [ERRCODE: SC_ERR_AFP_CREATE(190)] - Can not open iface 'servidor-eth0'
13/1/2026 -- 20:12:40 - <Warning> - [ERRCODE: SC_ERR_AFP_CREATE(190)] - Can not open iface 'servidor-eth0'
13/1/2026 -- 20:13:00 - <Warning> - [ERRCODE: SC_ERR_AFP_CREATE(190)] - Can not open iface 'servidor-eth0'
13/1/2026 -- 20:13:00 - <Warning> - [ERRCODE: SC_ERR_AFP_CREATE(190)] - Can not open iface 'servidor-eth0'
13/1/2026 -- 20:13:01 - <Warning> - [ERRCODE: SC_ERR_AFP_CREATE(190)] - Can not open iface 'servidor-eth0'
13/1/2026 -- 20:13:01 - <Warning> - [ERRCODE: SC_ERR_AFP_CREATE(190)] - Can not open iface 'servidor-eth0'
13/1/2026 -- 20:13:01 - <Warning> - [ERRCODE: SC_ERR_AFP_CREATE(190)] - Can not open iface 'servidor-eth0'
13/1/2026 -- 20:13:01 - <Warning> - [ERRCODE: SC_ERR_AFP_CREATE(190)] - Can not open iface 'servidor-eth0'
13/1/2026 -- 20:13:21 - <Warning> - [ERRCODE: SC_ERR_AFP_CREATE(190)] - Can not open iface 'servidor-eth0'
13/1/2026 -- 20:13:21 - <Warning> - [ERRCODE: SC_ERR_AFP_CREATE(190)] - Can not open iface 'servidor-eth0'
13/1/2026 -- 20:13:22 - <Warning> - [ERRCODE: SC_ERR_AFP_CREATE(190)] - Can not open iface 'servidor-eth0'
13/1/2026 -- 20:13:22 - <Warning> - [ERRCODE: SC_ERR_AFP_CREATE(190)] - Can not open iface 'servidor-eth0'
13/1/2026 -- 20:13:22 - <Warning> - [ERRCODE: SC_ERR_AFP_CREATE(190)] - Can not open iface 'servidor-eth0'
13/1/2026 -- 20:13:22 - <Warning> - [ERRCODE: SC_ERR_AFP_CREATE(190)] - Can not open iface 'servidor-eth0'
13/1/2026 -- 20:13:42 - <Warning> - [ERRCODE: SC_ERR_AFP_CREATE(190)] - Can not open iface 'servidor-eth0'
13/1/2026 -- 20:13:42 - <Warning> - [ERRCODE: SC_ERR_AFP_CREATE(190)] - Can not open iface 'servidor-eth0'
13/1/2026 -- 20:13:43 - <Warning> - [ERRCODE: SC_ERR_AFP_CREATE(190)] - Can not open iface 'servidor-eth0'
13/1/2026 -- 20:13:43 - <Warning> - [ERRCODE: SC_ERR_AFP_CREATE(190)] - Can not open iface 'servidor-eth0'
13/1/2026 -- 20:13:43 - <Warning> - [ERRCODE: SC_ERR_AFP_CREATE(190)] - Can not open iface 'servidor-eth0'
13/1/2026 -- 20:13:43 - <Warning> - [ERRCODE: SC_ERR_AFP_CREATE(190)] - Can not open iface 'servidor-eth0'
13/1/2026 -- 20:14:03 - <Warning> - [ERRCODE: SC_ERR_AFP_CREATE(190)] - Can not open iface 'servidor-eth0'
13/1/2026 -- 20:14:04 - <Warning> - [ERRCODE: SC_ERR_AFP_CREATE(190)] - Can not open iface 'servidor-eth0'
13/1/2026 -- 20:14:04 - <Warning> - [ERRCODE: SC_ERR_AFP_CREATE(190)] - Can not open iface 'servidor-eth0'
13/1/2026 -- 20:14:04 - <Warning> - [ERRCODE: SC_ERR_AFP_CREATE(190)] - Can not open iface 'servidor-eth0'
13/1/2026 -- 20:14:04 - <Warning> - [ERRCODE: SC_ERR_AFP_CREATE(190)] - Can not open iface 'servidor-eth0'
13/1/2026 -- 20:14:04 - <Warning> - [ERRCODE: SC_ERR_AFP_CREATE(190)] - Can not open iface 'servidor-eth0'
13/1/2026 -- 20:14:24 - <Warning> - [ERRCODE: SC_ERR_AFP_CREATE(190)] - Can not open iface 'servidor-eth0'
13/1/2026 -- 20:14:25 - <Warning> - [ERRCODE: SC_ERR_AFP_CREATE(190)] - Can not open iface 'servidor-eth0'
13/1/2026 -- 20:14:25 - <Warning> - [ERRCODE: SC_ERR_AFP_CREATE(190)] - Can not open iface 'servidor-eth0'
13/1/2026 -- 20:14:25 - <Warning> - [ERRCODE: SC_ERR_AFP_CREATE(190)] - Can not open iface 'servidor-eth0'
13/1/2026 -- 20:14:25 - <Warning> - [ERRCODE: SC_ERR_AFP_CREATE(190)] - Can not open iface 'servidor-eth0'
13/1/2026 -- 20:14:25 - <Warning> - [ERRCODE: SC_ERR_AFP_CREATE(190)] - Can not open iface 'servidor-eth0'
13/1/2026 -- 20:14:45 - <Warning> - [ERRCODE: SC_ERR_AFP_CREATE(190)] - Can not open iface 'servidor-eth0'
13/1/2026 -- 20:14:46 - <Warning> - [ERRCODE: SC_ERR_AFP_CREATE(190)] - Can not open iface 'servidor-eth0'
13/1/2026 -- 20:14:46 - <Warning> - [ERRCODE: SC_ERR_AFP_CREATE(190)] - Can not open iface 'servidor-eth0'
13/1/2026 -- 20:14:46 - <Warning> - [ERRCODE: SC_ERR_AFP_CREATE(190)] - Can not open iface 'servidor-eth0'
13/1/2026 -- 20:14:46 - <Warning> - [ERRCODE: SC_ERR_AFP_CREATE(190)] - Can not open iface 'servidor-eth0'
13/1/2026 -- 20:14:47 - <Warning> - [ERRCODE: SC_ERR_AFP_CREATE(190)] - Can not open iface 'servidor-eth0'
13/1/2026 -- 20:15:06 - <Warning> - [ERRCODE: SC_ERR_AFP_CREATE(190)] - Can not open iface 'servidor-eth0'
13/1/2026 -- 20:15:07 - <Warning> - [ERRCODE: SC_ERR_AFP_CREATE(190)] - Can not open iface 'servidor-eth0'
13/1/2026 -- 20:15:07 - <Warning> - [ERRCODE: SC_ERR_AFP_CREATE(190)] - Can not open iface 'servidor-eth0'
13/1/2026 -- 20:15:07 - <Warning> - [ERRCODE: SC_ERR_AFP_CREATE(190)] - Can not open iface 'servidor-eth0'
13/1/2026 -- 20:15:07 - <Warning> - [ERRCODE: SC_ERR_AFP_CREATE(190)] - Can not open iface 'servidor-eth0'
13/1/2026 -- 20:15:08 - <Warning> - [ERRCODE: SC_ERR_AFP_CREATE(190)] - Can not open iface 'servidor-eth0'
13/1/2026 -- 20:15:27 - <Warning> - [ERRCODE: SC_ERR_AFP_CREATE(190)] - Can not open iface 'servidor-eth0'
13/1/2026 -- 20:15:28 - <Warning> - [ERRCODE: SC_ERR_AFP_CREATE(190)] - Can not open iface 'servidor-eth0'
13/1/2026 -- 20:15:28 - <Warning> - [ERRCODE: SC_ERR_AFP_CREATE(190)] - Can not open iface 'servidor-eth0'
13/1/2026 -- 20:15:28 - <Warning> - [ERRCODE: SC_ERR_AFP_CREATE(190)] - Can not open iface 'servidor-eth0'
13/1/2026 -- 20:15:28 - <Warning> - [ERRCODE: SC_ERR_AFP_CREATE(190)] - Can not open iface 'servidor-eth0'
13/1/2026 -- 20:15:29 - <Warning> - [ERRCODE: SC_ERR_AFP_CREATE(190)] - Can not open iface 'servidor-eth0'
13/1/2026 -- 20:15:48 - <Warning> - [ERRCODE: SC_ERR_AFP_CREATE(190)] - Can not open iface 'servidor-eth0'
13/1/2026 -- 20:15:49 - <Warning> - [ERRCODE: SC_ERR_AFP_CREATE(190)] - Can not open iface 'servidor-eth0'
13/1/2026 -- 20:15:49 - <Warning> - [ERRCODE: SC_ERR_AFP_CREATE(190)] - Can not open iface 'servidor-eth0'
13/1/2026 -- 20:15:49 - <Warning> - [ERRCODE: SC_ERR_AFP_CREATE(190)] - Can not open iface 'servidor-eth0'
13/1/2026 -- 20:15:49 - <Warning> - [ERRCODE: SC_ERR_AFP_CREATE(190)] - Can not open iface 'servidor-eth0'
13/1/2026 -- 20:15:50 - <Warning> - [ERRCODE: SC_ERR_AFP_CREATE(190)] - Can not open iface 'servidor-eth0'
13/1/2026 -- 20:16:09 - <Warning> - [ERRCODE: SC_ERR_AFP_CREATE(190)] - Can not open iface 'servidor-eth0'
13/1/2026 -- 20:16:10 - <Warning> - [ERRCODE: SC_ERR_AFP_CREATE(190)] - Can not open iface 'servidor-eth0'
13/1/2026 -- 20:16:10 - <Warning> - [ERRCODE: SC_ERR_AFP_CREATE(190)] - Can not open iface 'servidor-eth0'
13/1/2026 -- 20:16:10 - <Warning> - [ERRCODE: SC_ERR_AFP_CREATE(190)] - Can not open iface 'servidor-eth0'
13/1/2026 -- 20:16:11 - <Warning> - [ERRCODE: SC_ERR_AFP_CREATE(190)] - Can not open iface 'servidor-eth0'
13/1/2026 -- 20:16:11 - <Warning> - [ERRCODE: SC_ERR_AFP_CREATE(190)] - Can not open iface 'servidor-eth0'
13/1/2026 -- 20:16:30 - <Warning> - [ERRCODE: SC_ERR_AFP_CREATE(190)] - Can not open iface 'servidor-eth0'
13/1/2026 -- 20:16:31 - <Warning> - [ERRCODE: SC_ERR_AFP_CREATE(190)] - Can not open iface 'servidor-eth0'
13/1/2026 -- 20:16:31 - <Warning> - [ERRCODE: SC_ERR_AFP_CREATE(190)] - Can not open iface 'servidor-eth0'
13/1/2026 -- 20:16:31 - <Warning> - [ERRCODE: SC_ERR_AFP_CREATE(190)] - Can not open iface 'servidor-eth0'
13/1/2026 -- 20:16:32 - <Warning> - [ERRCODE: SC_ERR_AFP_CREATE(190)] - Can not open iface 'servidor-eth0'
13/1/2026 -- 20:16:32 - <Warning> - [ERRCODE: SC_ERR_AFP_CREATE(190)] - Can not open iface 'servidor-eth0'
